<?xml version="1.0" encoding="UTF-8"?>
<!-- Generated by org.testng.reporters.JUnitReportReporter -->
<testsuite skipped="0" hostname="DESKTOP-04MOS7J" name="com.qa.tests.LoginTests" tests="3" failures="0" timestamp="2020-03-02T13:25:56 IST" time="11.148" errors="0">
  <testcase name="invalidPassword" time="3.068" classname="com.qa.tests.LoginTests"/>
  <system-out/>
  <testcase name="validCredentials" time="5.892" classname="com.qa.tests.LoginTests"/>
  <system-out/>
  <testcase name="invalidUserName" time="2.188" classname="com.qa.tests.LoginTests"/>
  <system-out/>
</testsuite> <!-- com.qa.tests.LoginTests -->
