<?xml version="1.0" encoding="UTF-8"?>
<!-- Generated by org.testng.reporters.JUnitReportReporter -->
<testsuite skipped="0" hostname="DESKTOP-04MOS7J" name="com.qa.tests.LoginTests" tests="3" failures="0" timestamp="2020-02-29T11:55:33 IST" time="10.071" errors="0">
  <testcase name="invalidUserName" time="2.206" classname="com.qa.tests.LoginTests"/>
  <system-out/>
  <testcase name="invalidPassword" time="3.337" classname="com.qa.tests.LoginTests"/>
  <system-out/>
  <testcase name="validCredentials" time="4.528" classname="com.qa.tests.LoginTests"/>
  <system-out/>
</testsuite> <!-- com.qa.tests.LoginTests -->
